# JRE version: Java(TM) SE Runtime Environment (7.0_80-b15) (build 1.7.0_80-b15)
# Java VM: Java HotSpot(TM) Client VM (24.80-b11 mixed mode, sharing windows-x86 )
Heap
 def new generation   total 4928K, used 1217K [0x24800000, 0x24d50000, 0x29d50000)
  eden space 4416K,  27% used [0x24800000, 0x2492fde0, 0x24c50000)
  from space 512K,   0% used [0x24c50000, 0x24c50850, 0x24cd0000)
  to   space 512K,   0% used [0x24cd0000, 0x24cd0000, 0x24d50000)
 tenured generation   total 10944K, used 8366K [0x29d50000, 0x2a800000, 0x34800000)
   the space 10944K,  76% used [0x29d50000, 0x2a57b830, 0x2a57ba00, 0x2a800000)
 compacting perm gen  total 12288K, used 1661K [0x34800000, 0x35400000, 0x38800000)
   the space 12288K,  13% used [0x34800000, 0x3499f570, 0x3499f600, 0x35400000)
    ro space 10240K,  42% used [0x38800000, 0x38c37108, 0x38c37200, 0x39200000)
    rw space 12288K,  52% used [0x39200000, 0x39841738, 0x39841800, 0x39e00000)
GC Heap History (10 events):
Event: 62.469 GC heap before
{Heap before GC invocations=133 (full 0):
 def new generation   total 4928K, used 4423K [0x24800000, 0x24d50000, 0x29d50000)
  eden space 4416K, 100% used [0x24800000, 0x24c50000, 0x24c50000)
  from space 512K,   1% used [0x24cd0000, 0x24cd1d18, 0x24d50000)
  to   space 512K,   0% used [0x24c50000, 0x24c50000, 0x24cd0000)
 tenured generation   total 10944K, used 7377K [0x29d50000, 0x2a800000, 0x34800000)
   the space 10944K,  67% used [0x29d50000, 0x2a484710, 0x2a484800, 0x2a800000)
 compacting perm gen  total 12288K, used 1653K [0x34800000, 0x35400000, 0x38800000)
   the space 12288K,  13% used [0x34800000, 0x3499d7e8, 0x3499d800, 0x35400000)
    ro space 10240K,  42% used [0x38800000, 0x38c37108, 0x38c37200, 0x39200000)
    rw space 12288K,  52% used [0x39200000, 0x39841738, 0x39841800, 0x39e00000)
Event: 62.470 GC heap after
Heap after GC invocations=134 (full 0):
 def new generation   total 4928K, used 7K [0x24800000, 0x24d50000, 0x29d50000)
  eden space 4416K,   0% used [0x24800000, 0x24800000, 0x24c50000)
  from space 512K,   1% used [0x24c50000, 0x24c51c78, 0x24cd0000)
  to   space 512K,   0% used [0x24cd0000, 0x24cd0000, 0x24d50000)
 tenured generation   total 10944K, used 7377K [0x29d50000, 0x2a800000, 0x34800000)
   the space 10944K,  67% used [0x29d50000, 0x2a484790, 0x2a484800, 0x2a800000)
 compacting perm gen  total 12288K, used 1653K [0x34800000, 0x35400000, 0x38800000)
   the space 12288K,  13% used [0x34800000, 0x3499d7e8, 0x3499d800, 0x35400000)
    ro space 10240K,  42% used [0x38800000, 0x38c37108, 0x38c37200, 0x39200000)
    rw space 12288K,  52% used [0x39200000, 0x39841738, 0x39841800, 0x39e00000)
}
Event: 62.801 GC heap before
{Heap before GC invocations=134 (full 0):
 def new generation   total 4928K, used 4423K [0x24800000, 0x24d50000, 0x29d50000)
  eden space 4416K, 100% used [0x24800000, 0x24c50000, 0x24c50000)
  from space 512K,   1% used [0x24c50000, 0x24c51c78, 0x24cd0000)
  to   space 512K,   0% used [0x24cd0000, 0x24cd0000, 0x24d50000)
 tenured generation   total 10944K, used 7377K [0x29d50000, 0x2a800000, 0x34800000)
   the space 10944K,  67% used [0x29d50000, 0x2a484790, 0x2a484800, 0x2a800000)
 compacting perm gen  total 12288K, used 1655K [0x34800000, 0x35400000, 0x38800000)
   the space 12288K,  13% used [0x34800000, 0x3499dcb0, 0x3499de00, 0x35400000)
    ro space 10240K,  42% used [0x38800000, 0x38c37108, 0x38c37200, 0x39200000)
    rw space 12288K,  52% used [0x39200000, 0x39841738, 0x39841800, 0x39e00000)
Event: 62.803 GC heap after
Heap after GC invocations=135 (full 0):
 def new generation   total 4928K, used 389K [0x24800000, 0x24d50000, 0x29d50000)
  eden space 4416K,   0% used [0x24800000, 0x24800000, 0x24c50000)
  from space 512K,  76% used [0x24cd0000, 0x24d31508, 0x24d50000)
  to   space 512K,   0% used [0x24c50000, 0x24c50000, 0x24cd0000)
 tenured generation   total 10944K, used 7977K [0x29d50000, 0x2a800000, 0x34800000)
   the space 10944K,  72% used [0x29d50000, 0x2a51a7b0, 0x2a51a800, 0x2a800000)
 compacting perm gen  total 12288K, used 1655K [0x34800000, 0x35400000, 0x38800000)
   the space 12288K,  13% used [0x34800000, 0x3499dcb0, 0x3499de00, 0x35400000)
    ro space 10240K,  42% used [0x38800000, 0x38c37108, 0x38c37200, 0x39200000)
    rw space 12288K,  52% used [0x39200000, 0x39841738, 0x39841800, 0x39e00000)
}
Event: 63.293 GC heap before
{Heap before GC invocations=135 (full 0):
 def new generation   total 4928K, used 4805K [0x24800000, 0x24d50000, 0x29d50000)
  eden space 4416K, 100% used [0x24800000, 0x24c50000, 0x24c50000)
  from space 512K,  76% used [0x24cd0000, 0x24d31508, 0x24d50000)
  to   space 512K,   0% used [0x24c50000, 0x24c50000, 0x24cd0000)
 tenured generation   total 10944K, used 7977K [0x29d50000, 0x2a800000, 0x34800000)
   the space 10944K,  72% used [0x29d50000, 0x2a51a7b0, 0x2a51a800, 0x2a800000)
 compacting perm gen  total 12288K, used 1655K [0x34800000, 0x35400000, 0x38800000)
   the space 12288K,  13% used [0x34800000, 0x3499dcb0, 0x3499de00, 0x35400000)
    ro space 10240K,  42% used [0x38800000, 0x38c37108, 0x38c37200, 0x39200000)
    rw space 12288K,  52% used [0x39200000, 0x39841738, 0x39841800, 0x39e00000)
Event: 63.293 GC heap after
Heap after GC invocations=136 (full 0):
 def new generation   total 4928K, used 0K [0x24800000, 0x24d50000, 0x29d50000)
  eden space 4416K,   0% used [0x24800000, 0x24800000, 0x24c50000)
  from space 512K,   0% used [0x24c50000, 0x24c50380, 0x24cd0000)
  to   space 512K,   0% used [0x24cd0000, 0x24cd0000, 0x24d50000)
 tenured generation   total 10944K, used 8366K [0x29d50000, 0x2a800000, 0x34800000)
   the space 10944K,  76% used [0x29d50000, 0x2a57b830, 0x2a57ba00, 0x2a800000)
 compacting perm gen  total 12288K, used 1655K [0x34800000, 0x35400000, 0x38800000)
   the space 12288K,  13% used [0x34800000, 0x3499dcb0, 0x3499de00, 0x35400000)
    ro space 10240K,  42% used [0x38800000, 0x38c37108, 0x38c37200, 0x39200000)
    rw space 12288K,  52% used [0x39200000, 0x39841738, 0x39841800, 0x39e00000)
}
Event: 63.744 GC heap before
{Heap before GC invocations=136 (full 0):
 def new generation   total 4928K, used 4416K [0x24800000, 0x24d50000, 0x29d50000)
  eden space 4416K, 100% used [0x24800000, 0x24c50000, 0x24c50000)
  from space 512K,   0% used [0x24c50000, 0x24c50380, 0x24cd0000)
  to   space 512K,   0% used [0x24cd0000, 0x24cd0000, 0x24d50000)
 tenured generation   total 10944K, used 8366K [0x29d50000, 0x2a800000, 0x34800000)
   the space 10944K,  76% used [0x29d50000, 0x2a57b830, 0x2a57ba00, 0x2a800000)
 compacting perm gen  total 12288K, used 1655K [0x34800000, 0x35400000, 0x38800000)
   the space 12288K,  13% used [0x34800000, 0x3499dcb0, 0x3499de00, 0x35400000)
    ro space 10240K,  42% used [0x38800000, 0x38c37108, 0x38c37200, 0x39200000)
    rw space 12288K,  52% used [0x39200000, 0x39841738, 0x39841800, 0x39e00000)
Event: 63.744 GC heap after
Heap after GC invocations=137 (full 0):
 def new generation   total 4928K, used 1K [0x24800000, 0x24d50000, 0x29d50000)
  eden space 4416K,   0% used [0x24800000, 0x24800000, 0x24c50000)
  from space 512K,   0% used [0x24cd0000, 0x24cd0748, 0x24d50000)
  to   space 512K,   0% used [0x24c50000, 0x24c50000, 0x24cd0000)
 tenured generation   total 10944K, used 8366K [0x29d50000, 0x2a800000, 0x34800000)
   the space 10944K,  76% used [0x29d50000, 0x2a57b830, 0x2a57ba00, 0x2a800000)
 compacting perm gen  total 12288K, used 1655K [0x34800000, 0x35400000, 0x38800000)
   the space 12288K,  13% used [0x34800000, 0x3499dcb0, 0x3499de00, 0x35400000)
    ro space 10240K,  42% used [0x38800000, 0x38c37108, 0x38c37200, 0x39200000)
    rw space 12288K,  52% used [0x39200000, 0x39841738, 0x39841800, 0x39e00000)
}
Event: 64.236 GC heap before
{Heap before GC invocations=137 (full 0):
 def new generation   total 4928K, used 4417K [0x24800000, 0x24d50000, 0x29d50000)
  eden space 4416K, 100% used [0x24800000, 0x24c50000, 0x24c50000)
  from space 512K,   0% used [0x24cd0000, 0x24cd0748, 0x24d50000)
  to   space 512K,   0% used [0x24c50000, 0x24c50000, 0x24cd0000)
 tenured generation   total 10944K, used 8366K [0x29d50000, 0x2a800000, 0x34800000)
   the space 10944K,  76% used [0x29d50000, 0x2a57b830, 0x2a57ba00, 0x2a800000)
 compacting perm gen  total 12288K, used 1655K [0x34800000, 0x35400000, 0x38800000)
   the space 12288K,  13% used [0x34800000, 0x3499dcb0, 0x3499de00, 0x35400000)
    ro space 10240K,  42% used [0x38800000, 0x38c37108, 0x38c37200, 0x39200000)
    rw space 12288K,  52% used [0x39200000, 0x39841738, 0x39841800, 0x39e00000)
Event: 64.237 GC heap after
Heap after GC invocations=138 (full 0):
 def new generation   total 4928K, used 2K [0x24800000, 0x24d50000, 0x29d50000)
  eden space 4416K,   0% used [0x24800000, 0x24800000, 0x24c50000)
  from space 512K,   0% used [0x24c50000, 0x24c50850, 0x24cd0000)
  to   space 512K,   0% used [0x24cd0000, 0x24cd0000, 0x24d50000)
 tenured generation   total 10944K, used 8366K [0x29d50000, 0x2a800000, 0x34800000)
   the space 10944K,  76% used [0x29d50000, 0x2a57b830, 0x2a57ba00, 0x2a800000)
 compacting perm gen  total 12288K, used 1655K [0x34800000, 0x35400000, 0x38800000)
   the space 12288K,  13% used [0x34800000, 0x3499dcb0, 0x3499de00, 0x35400000)
    ro space 10240K,  42% used [0x38800000, 0x38c37108, 0x38c37200, 0x39200000)
    rw space 12288K,  52% used [0x39200000, 0x39841738, 0x39841800, 0x39e00000)
}

